<?xml version="1.0" encoding="UTF-8"?>
<!-- Generated by org.testng.reporters.JUnitReportReporter -->
<testsuite hostname="SunilKunwal" failures="0" tests="3" name="JavaStream.Stream.JavaStreams" time="0.039" errors="0" timestamp="2024-05-08T17:30:39 IST" skipped="0">
  <testcase classname="JavaStream.Stream.JavaStreams" name="streamCollect" time="0.023"/>
  <system-out/>
  <testcase classname="JavaStream.Stream.JavaStreams" name="streamFilter" time="0.004"/>
  <system-out/>
  <testcase classname="JavaStream.Stream.JavaStreams" name="streamMap" time="0.012"/>
  <system-out/>
</testsuite> <!-- JavaStream.Stream.JavaStreams -->
