<?xml version="1.0" encoding="UTF-8"?>
<!-- Generated by org.testng.reporters.JUnitReportReporter -->
<testsuite hostname="SunilKunwal" failures="0" tests="1" name="JavaStream.Stream.JavaStreams" time="0.015" errors="0" timestamp="2024-05-08T13:53:59 IST" skipped="0">
  <testcase classname="JavaStream.Stream.JavaStreams" name="regular" time="0.015"/>
  <system-out/>
</testsuite> <!-- JavaStream.Stream.JavaStreams -->
